<?xml version="1.0" encoding="UTF-8"?>
<testng-results ignored="0" total="1" passed="1" failed="0" skipped="0">
  <reporter-output>
  </reporter-output>
  <suite started-at="2023-03-15T15:02:15 IST" name="Suite" finished-at="2023-03-15T15:02:27 IST" duration-ms="12216">
    <groups>
    </groups>
    <test started-at="2023-03-15T15:02:15 IST" name="test2" finished-at="2023-03-15T15:02:27 IST" duration-ms="12216">
      <class name="mavenforjenkins.UITest">
        <test-method signature="startBrowser(java.lang.String)[pri:0, instance:mavenforjenkins.UITest@6295d394]" started-at="2023-03-15T15:02:15 IST" name="startBrowser" finished-at="2023-03-15T15:02:27 IST" duration-ms="12130" status="PASS">
          <params>
            <param index="0">
              <value>
                <![CDATA[Chrome]]>
              </value>
            </param>
          </params>
          <reporter-output>
          </reporter-output>
        </test-method> <!-- startBrowser -->
      </class> <!-- mavenforjenkins.UITest -->
    </test> <!-- test2 -->
  </suite> <!-- Suite -->
</testng-results>
